# JRE version: OpenJDK Runtime Environment (14.0+36) (build 14+36-1461)
# Java VM: OpenJDK 64-Bit Server VM (14+36-1461, mixed mode, sharing, tiered, compressed oops, g1 gc, windows-amd64)
Heap:
 garbage-first heap   total 510976K, used 350662K [0x0000000080000000, 0x0000000100000000)
  region size 1024K, 97 young (99328K), 5 survivors (5120K)
 Metaspace       used 124162K, capacity 137017K, committed 138000K, reserved 1167360K
  class space    used 15826K, capacity 20279K, committed 20632K, reserved 1048576K
GC Heap History (20 events):
Event: 666926.589 GC heap before
{Heap before GC invocations=424 (full 0):
 garbage-first heap   total 510976K, used 307875K [0x0000000080000000, 0x0000000100000000)
  region size 1024K, 57 young (58368K), 10 survivors (10240K)
 Metaspace       used 123033K, capacity 135179K, committed 138000K, reserved 1167360K
  class space    used 15647K, capacity 19688K, committed 20632K, reserved 1048576K
}
Event: 666926.599 GC heap after
{Heap after GC invocations=425 (full 0):
 garbage-first heap   total 510976K, used 257249K [0x0000000080000000, 0x0000000100000000)
  region size 1024K, 6 young (6144K), 6 survivors (6144K)
 Metaspace       used 123033K, capacity 135179K, committed 138000K, reserved 1167360K
  class space    used 15647K, capacity 19688K, committed 20632K, reserved 1048576K
}
Event: 666927.495 GC heap before
{Heap before GC invocations=426 (full 0):
 garbage-first heap   total 510976K, used 274657K [0x0000000080000000, 0x0000000100000000)
  region size 1024K, 23 young (23552K), 6 survivors (6144K)
 Metaspace       used 123033K, capacity 135179K, committed 138000K, reserved 1167360K
  class space    used 15647K, capacity 19688K, committed 20632K, reserved 1048576K
}
Event: 666927.504 GC heap after
{Heap after GC invocations=427 (full 0):
 garbage-first heap   total 510976K, used 259169K [0x0000000080000000, 0x0000000100000000)
  region size 1024K, 6 young (6144K), 6 survivors (6144K)
 Metaspace       used 123033K, capacity 135179K, committed 138000K, reserved 1167360K
  class space    used 15647K, capacity 19688K, committed 20632K, reserved 1048576K
}
Event: 666929.621 GC heap before
{Heap before GC invocations=428 (full 0):
 garbage-first heap   total 510976K, used 297057K [0x0000000080000000, 0x0000000100000000)
  region size 1024K, 40 young (40960K), 6 survivors (6144K)
 Metaspace       used 123033K, capacity 135179K, committed 138000K, reserved 1167360K
  class space    used 15647K, capacity 19688K, committed 20632K, reserved 1048576K
}
Event: 666929.632 GC heap after
{Heap after GC invocations=429 (full 0):
 garbage-first heap   total 510976K, used 262999K [0x0000000080000000, 0x0000000100000000)
  region size 1024K, 5 young (5120K), 5 survivors (5120K)
 Metaspace       used 123033K, capacity 135179K, committed 138000K, reserved 1167360K
  class space    used 15647K, capacity 19688K, committed 20632K, reserved 1048576K
}
Event: 667051.194 GC heap before
{Heap before GC invocations=430 (full 0):
 garbage-first heap   total 510976K, used 448343K [0x0000000080000000, 0x0000000100000000)
  region size 1024K, 191 young (195584K), 5 survivors (5120K)
 Metaspace       used 123237K, capacity 135515K, committed 138000K, reserved 1167360K
  class space    used 15679K, capacity 19800K, committed 20632K, reserved 1048576K
}
Event: 667051.204 GC heap after
{Heap after GC invocations=431 (full 0):
 garbage-first heap   total 510976K, used 258640K [0x0000000080000000, 0x0000000100000000)
  region size 1024K, 5 young (5120K), 5 survivors (5120K)
 Metaspace       used 123237K, capacity 135515K, committed 138000K, reserved 1167360K
  class space    used 15679K, capacity 19800K, committed 20632K, reserved 1048576K
}
Event: 667248.476 GC heap before
{Heap before GC invocations=431 (full 0):
 garbage-first heap   total 510976K, used 452176K [0x0000000080000000, 0x0000000100000000)
  region size 1024K, 195 young (199680K), 5 survivors (5120K)
 Metaspace       used 123289K, capacity 135599K, committed 138000K, reserved 1167360K
  class space    used 15687K, capacity 19828K, committed 20632K, reserved 1048576K
}
Event: 667248.494 GC heap after
{Heap after GC invocations=432 (full 0):
 garbage-first heap   total 510976K, used 259562K [0x0000000080000000, 0x0000000100000000)
  region size 1024K, 6 young (6144K), 6 survivors (6144K)
 Metaspace       used 123289K, capacity 135599K, committed 138000K, reserved 1167360K
  class space    used 15687K, capacity 19828K, committed 20632K, reserved 1048576K
}
Event: 667289.494 GC heap before
{Heap before GC invocations=433 (full 0):
 garbage-first heap   total 510976K, used 450026K [0x0000000080000000, 0x0000000100000000)
  region size 1024K, 195 young (199680K), 6 survivors (6144K)
 Metaspace       used 123548K, capacity 136019K, committed 138000K, reserved 1167360K
  class space    used 15727K, capacity 19968K, committed 20632K, reserved 1048576K
}
Event: 667289.502 GC heap after
{Heap after GC invocations=434 (full 0):
 garbage-first heap   total 510976K, used 256975K [0x0000000080000000, 0x0000000100000000)
  region size 1024K, 6 young (6144K), 6 survivors (6144K)
 Metaspace       used 123548K, capacity 136019K, committed 138000K, reserved 1167360K
  class space    used 15727K, capacity 19968K, committed 20632K, reserved 1048576K
}
Event: 667320.082 GC heap before
{Heap before GC invocations=434 (full 0):
 garbage-first heap   total 510976K, used 451535K [0x0000000080000000, 0x0000000100000000)
  region size 1024K, 197 young (201728K), 6 survivors (6144K)
 Metaspace       used 123703K, capacity 136271K, committed 138000K, reserved 1167360K
  class space    used 15751K, capacity 20052K, committed 20632K, reserved 1048576K
}
Event: 667320.098 GC heap after
{Heap after GC invocations=435 (full 0):
 garbage-first heap   total 510976K, used 257567K [0x0000000080000000, 0x0000000100000000)
  region size 1024K, 6 young (6144K), 6 survivors (6144K)
 Metaspace       used 123703K, capacity 136271K, committed 138000K, reserved 1167360K
  class space    used 15751K, capacity 20052K, committed 20632K, reserved 1048576K
}
Event: 667390.754 GC heap before
{Heap before GC invocations=436 (full 0):
 garbage-first heap   total 510976K, used 452127K [0x0000000080000000, 0x0000000100000000)
  region size 1024K, 197 young (201728K), 6 survivors (6144K)
 Metaspace       used 123959K, capacity 136691K, committed 138000K, reserved 1167360K
  class space    used 15791K, capacity 20192K, committed 20632K, reserved 1048576K
}
Event: 667390.771 GC heap after
{Heap after GC invocations=437 (full 0):
 garbage-first heap   total 510976K, used 258046K [0x0000000080000000, 0x0000000100000000)
  region size 1024K, 6 young (6144K), 6 survivors (6144K)
 Metaspace       used 123959K, capacity 136691K, committed 138000K, reserved 1167360K
  class space    used 15791K, capacity 20192K, committed 20632K, reserved 1048576K
}
Event: 667457.166 GC heap before
{Heap before GC invocations=437 (full 0):
 garbage-first heap   total 510976K, used 451582K [0x0000000080000000, 0x0000000100000000)
  region size 1024K, 196 young (200704K), 6 survivors (6144K)
 Metaspace       used 124061K, capacity 136859K, committed 138000K, reserved 1167360K
  class space    used 15807K, capacity 20248K, committed 20632K, reserved 1048576K
}
Event: 667457.186 GC heap after
{Heap after GC invocations=438 (full 0):
 garbage-first heap   total 510976K, used 258280K [0x0000000080000000, 0x0000000100000000)
  region size 1024K, 5 young (5120K), 5 survivors (5120K)
 Metaspace       used 124061K, capacity 136859K, committed 138000K, reserved 1167360K
  class space    used 15807K, capacity 20248K, committed 20632K, reserved 1048576K
}
Event: 667508.450 GC heap before
{Heap before GC invocations=439 (full 0):
 garbage-first heap   total 510976K, used 451816K [0x0000000080000000, 0x0000000100000000)
  region size 1024K, 195 young (199680K), 5 survivors (5120K)
 Metaspace       used 124014K, capacity 136775K, committed 138000K, reserved 1167360K
  class space    used 15799K, capacity 20220K, committed 20632K, reserved 1048576K
}
Event: 667508.465 GC heap after
{Heap after GC invocations=440 (full 0):
 garbage-first heap   total 510976K, used 258502K [0x0000000080000000, 0x0000000100000000)
  region size 1024K, 5 young (5120K), 5 survivors (5120K)
 Metaspace       used 124014K, capacity 136775K, committed 138000K, reserved 1167360K
  class space    used 15799K, capacity 20220K, committed 20632K, reserved 1048576K
}

